This is pdfTeX, Version 3.14159265-2.6-1.40.18 (TeX Live 2017/W32TeX) (preloaded format=pdflatex 2018.3.9)  31 MAR 2019 19:13
entering extended mode
 restricted \write18 enabled.
 %&-line parsing enabled.
**"./LatexÄ£°å - HW.tex"
(./LatexÄ£°å - HW.tex
LaTeX2e <2017-04-15>
Babel <3.18> and hyphenation patterns for 84 language(s) loaded.
(d:/texlive/texmf-dist/tex/latex/base/article.cls
Document Class: article 2014/09/29 v1.4h Standard LaTeX document class
(d:/texlive/texmf-dist/tex/latex/base/size12.clo
File: size12.clo 2014/09/29 v1.4h Standard LaTeX file (size option)
)
\c@part=\count79
\c@section=\count80
\c@subsection=\count81
\c@subsubsection=\count82
\c@paragraph=\count83
\c@subparagraph=\count84
\c@figure=\count85
\c@table=\count86
\abovecaptionskip=\skip41
\belowcaptionskip=\skip42
\bibindent=\dimen102
)
(d:/texlive/texmf-dist/tex/latex/cjk/texinput/CJK.sty
Package: CJK 2015/04/18 4.8.4

(d:/texlive/texmf-dist/tex/latex/cjk/texinput/mule/MULEenc.sty
Package: MULEenc 2015/04/18 4.8.4
)
(d:/texlive/texmf-dist/tex/latex/cjk/texinput/CJK.enc
File: CJK.enc 2015/04/18 4.8.4
)
LaTeX Info: Redefining \selectfont on input line 755.
\CJK@indent=\box26
)
(d:/texlive/texmf-dist/tex/latex/multirow/multirow.sty
Package: multirow 2016/11/25 v2.2 Span multiple rows of a table
\multirow@colwidth=\skip43
\multirow@cntb=\count87
\multirow@dima=\skip44
\bigstrutjot=\dimen103
)
(d:/texlive/texmf-dist/tex/latex/tools/indentfirst.sty
Package: indentfirst 1995/11/23 v1.03 Indent first paragraph (DPC)
)
(d:/texlive/texmf-dist/tex/latex/fancyhdr/fancyhdr.sty
Package: fancyhdr 2017/06/30 v3.9a Extensive control of page headers and footer
s
\f@nch@headwidth=\skip45
\f@nch@O@elh=\skip46
\f@nch@O@erh=\skip47
\f@nch@O@olh=\skip48
\f@nch@O@orh=\skip49
\f@nch@O@elf=\skip50
\f@nch@O@erf=\skip51
\f@nch@O@olf=\skip52
\f@nch@O@orf=\skip53
)
(d:/texlive/texmf-dist/tex/latex/graphics/graphicx.sty
Package: graphicx 2017/06/01 v1.1a Enhanced LaTeX Graphics (DPC,SPQR)

(d:/texlive/texmf-dist/tex/latex/graphics/keyval.sty
Package: keyval 2014/10/28 v1.15 key=value parser (DPC)
\KV@toks@=\toks14
)
(d:/texlive/texmf-dist/tex/latex/graphics/graphics.sty
Package: graphics 2017/06/25 v1.2c Standard LaTeX Graphics (DPC,SPQR)

(d:/texlive/texmf-dist/tex/latex/graphics/trig.sty
Package: trig 2016/01/03 v1.10 sin cos tan (DPC)
)
(d:/texlive/texmf-dist/tex/latex/graphics-cfg/graphics.cfg
File: graphics.cfg 2016/06/04 v1.11 sample graphics configuration
)
Package graphics Info: Driver file: pdftex.def on input line 99.

(d:/texlive/texmf-dist/tex/latex/graphics-def/pdftex.def
File: pdftex.def 2018/01/08 v1.0l Graphics/color driver for pdftex
))
\Gin@req@height=\dimen104
\Gin@req@width=\dimen105
)
(d:/texlive/texmf-dist/tex/latex/subfigure/subfigure.sty
Package: subfigure 2002/03/15 v2.1.5 subfigure package
\subfigtopskip=\skip54
\subfigcapskip=\skip55
\subfigcaptopadj=\dimen106
\subfigbottomskip=\skip56
\subfigcapmargin=\dimen107
\subfiglabelskip=\skip57
\c@subfigure=\count88
\c@lofdepth=\count89
\c@subtable=\count90
\c@lotdepth=\count91

****************************************
* Local config file subfigure.cfg used *
****************************************
(d:/texlive/texmf-dist/tex/latex/subfigure/subfigure.cfg)
\subfig@top=\skip58
\subfig@bottom=\skip59
)
(d:/texlive/texmf-dist/tex/latex/float/float.sty
Package: float 2001/11/08 v1.3d Float enhancements (AL)
\c@float@type=\count92
\float@exts=\toks15
\float@box=\box27
\@float@everytoks=\toks16
\@floatcapt=\box28
)
(d:/texlive/texmf-dist/tex/latex/subfig/subfig.sty
Package: subfig 2005/06/28 ver: 1.3 subfig package

(d:/texlive/texmf-dist/tex/latex/caption/caption.sty
Package: caption 2016/02/21 v3.3-144 Customizing captions (AR)

(d:/texlive/texmf-dist/tex/latex/caption/caption3.sty
Package: caption3 2016/05/22 v1.7-166 caption3 kernel (AR)
Package caption3 Info: TeX engine: e-TeX on input line 67.
\captionmargin=\dimen108
\captionmargin@=\dimen109
\captionwidth=\dimen110
\caption@tempdima=\dimen111
\caption@indent=\dimen112
\caption@parindent=\dimen113
\caption@hangindent=\dimen114
)
\c@ContinuedFloat=\count93
Package caption Info: float package is loaded.
Package caption Info: subfigure package is loaded.
)
\c@KVtest=\count94
\sf@farskip=\skip60
\sf@captopadj=\dimen115
\sf@capskip=\skip61
\sf@nearskip=\skip62
\sf@top=\skip63
\sf@bottom=\skip64
) (./LatexÄ£°å - HW.aux)
\openout1 = `"LatexÄ£°å - HW.aux"'.

LaTeX Font Info:    Checking defaults for OML/cmm/m/it on input line 14.
LaTeX Font Info:    ... okay on input line 14.
LaTeX Font Info:    Checking defaults for T1/cmr/m/n on input line 14.
LaTeX Font Info:    ... okay on input line 14.
LaTeX Font Info:    Checking defaults for OT1/cmr/m/n on input line 14.
LaTeX Font Info:    ... okay on input line 14.
LaTeX Font Info:    Checking defaults for OMS/cmsy/m/n on input line 14.
LaTeX Font Info:    ... okay on input line 14.
LaTeX Font Info:    Checking defaults for OMX/cmex/m/n on input line 14.
LaTeX Font Info:    ... okay on input line 14.
LaTeX Font Info:    Checking defaults for U/cmr/m/n on input line 14.
LaTeX Font Info:    ... okay on input line 14.
LaTeX Font Info:    Checking defaults for C00/song/m/n on input line 14.
LaTeX Font Info:    ... okay on input line 14.
LaTeX Font Info:    Checking defaults for C05/song/m/n on input line 14.
LaTeX Font Info:    ... okay on input line 14.
LaTeX Font Info:    Checking defaults for C09/song/m/n on input line 14.
LaTeX Font Info:    ... okay on input line 14.
LaTeX Font Info:    Checking defaults for C10/song/m/n on input line 14.
LaTeX Font Info:    ... okay on input line 14.
LaTeX Font Info:    Checking defaults for C20/song/m/n on input line 14.
LaTeX Font Info:    ... okay on input line 14.
LaTeX Font Info:    Checking defaults for C19/song/m/n on input line 14.
LaTeX Font Info:    ... okay on input line 14.
LaTeX Font Info:    Checking defaults for C40/song/m/n on input line 14.
LaTeX Font Info:    ... okay on input line 14.
LaTeX Font Info:    Checking defaults for C42/song/m/n on input line 14.
LaTeX Font Info:    ... okay on input line 14.
LaTeX Font Info:    Checking defaults for C43/song/m/n on input line 14.
LaTeX Font Info:    ... okay on input line 14.
LaTeX Font Info:    Checking defaults for C50/song/m/n on input line 14.
LaTeX Font Info:    ... okay on input line 14.
LaTeX Font Info:    Checking defaults for C52/song/m/n on input line 14.
LaTeX Font Info:    ... okay on input line 14.
LaTeX Font Info:    Checking defaults for C49/song/m/n on input line 14.
LaTeX Font Info:    ... okay on input line 14.
LaTeX Font Info:    Checking defaults for C60/mj/m/n on input line 14.
LaTeX Font Info:    ... okay on input line 14.
LaTeX Font Info:    Checking defaults for C61/mj/m/n on input line 14.
LaTeX Font Info:    ... okay on input line 14.
LaTeX Font Info:    Checking defaults for C63/mj/m/n on input line 14.
LaTeX Font Info:    ... okay on input line 14.
LaTeX Font Info:    Checking defaults for C64/mj/m/n on input line 14.
LaTeX Font Info:    ... okay on input line 14.
LaTeX Font Info:    Checking defaults for C65/mj/m/n on input line 14.
LaTeX Font Info:    ... okay on input line 14.
LaTeX Font Info:    Checking defaults for C70/song/m/n on input line 14.
LaTeX Font Info:    ... okay on input line 14.
LaTeX Font Info:    Checking defaults for C31/song/m/n on input line 14.
LaTeX Font Info:    ... okay on input line 14.
LaTeX Font Info:    Checking defaults for C32/song/m/n on input line 14.
LaTeX Font Info:    ... okay on input line 14.
LaTeX Font Info:    Checking defaults for C33/song/m/n on input line 14.
LaTeX Font Info:    ... okay on input line 14.
LaTeX Font Info:    Checking defaults for C34/song/m/n on input line 14.
LaTeX Font Info:    ... okay on input line 14.
LaTeX Font Info:    Checking defaults for C35/song/m/n on input line 14.
LaTeX Font Info:    ... okay on input line 14.
LaTeX Font Info:    Checking defaults for C36/song/m/n on input line 14.
LaTeX Font Info:    ... okay on input line 14.
LaTeX Font Info:    Checking defaults for C37/song/m/n on input line 14.
LaTeX Font Info:    ... okay on input line 14.
LaTeX Font Info:    Checking defaults for C80/song/m/n on input line 14.
LaTeX Font Info:    ... okay on input line 14.
LaTeX Font Info:    Checking defaults for C81/song/m/n on input line 14.
LaTeX Font Info:    ... okay on input line 14.
LaTeX Font Info:    Checking defaults for C01/song/m/n on input line 14.
LaTeX Font Info:    ... okay on input line 14.
LaTeX Font Info:    Checking defaults for C11/song/m/n on input line 14.
LaTeX Font Info:    ... okay on input line 14.
LaTeX Font Info:    Checking defaults for C21/song/m/n on input line 14.
LaTeX Font Info:    ... okay on input line 14.
LaTeX Font Info:    Checking defaults for C41/song/m/n on input line 14.
LaTeX Font Info:    ... okay on input line 14.
LaTeX Font Info:    Checking defaults for C62/song/m/n on input line 14.
LaTeX Font Info:    ... okay on input line 14.
(d:/texlive/texmf-dist/tex/context/base/mkii/supp-pdf.mkii
[Loading MPS to PDF converter (version 2006.09.02).]
\scratchcounter=\count95
\scratchdimen=\dimen116
\scratchbox=\box29
\nofMPsegments=\count96
\nofMParguments=\count97
\everyMPshowfont=\toks17
\MPscratchCnt=\count98
\MPscratchDim=\dimen117
\MPnumerator=\count99
\makeMPintoPDFobject=\count100
\everyMPtoPDFconversion=\toks18
) (d:/texlive/texmf-dist/tex/latex/oberdiek/epstopdf-base.sty
Package: epstopdf-base 2016/05/15 v2.6 Base part for package epstopdf

(d:/texlive/texmf-dist/tex/generic/oberdiek/infwarerr.sty
Package: infwarerr 2016/05/16 v1.4 Providing info/warning/error messages (HO)
)
(d:/texlive/texmf-dist/tex/latex/oberdiek/grfext.sty
Package: grfext 2016/05/16 v1.2 Manage graphics extensions (HO)

(d:/texlive/texmf-dist/tex/generic/oberdiek/kvdefinekeys.sty
Package: kvdefinekeys 2016/05/16 v1.4 Define keys (HO)

(d:/texlive/texmf-dist/tex/generic/oberdiek/ltxcmds.sty
Package: ltxcmds 2016/05/16 v1.23 LaTeX kernel commands for general use (HO)
)))
(d:/texlive/texmf-dist/tex/latex/oberdiek/kvoptions.sty
Package: kvoptions 2016/05/16 v3.12 Key value format for package options (HO)

(d:/texlive/texmf-dist/tex/generic/oberdiek/kvsetkeys.sty
Package: kvsetkeys 2016/05/16 v1.17 Key value parser (HO)

(d:/texlive/texmf-dist/tex/generic/oberdiek/etexcmds.sty
Package: etexcmds 2016/05/16 v1.6 Avoid name clashes with e-TeX commands (HO)

(d:/texlive/texmf-dist/tex/generic/oberdiek/ifluatex.sty
Package: ifluatex 2016/05/16 v1.4 Provides the ifluatex switch (HO)
Package ifluatex Info: LuaTeX not detected.
)
Package etexcmds Info: Could not find \expanded.
(etexcmds)             That can mean that you are not using pdfTeX 1.50 or
(etexcmds)             that some package has redefined \expanded.
(etexcmds)             In the latter case, load this package earlier.
)))
(d:/texlive/texmf-dist/tex/generic/oberdiek/pdftexcmds.sty
Package: pdftexcmds 2018/01/21 v0.26 Utility functions of pdfTeX for LuaTeX (HO
)

(d:/texlive/texmf-dist/tex/generic/oberdiek/ifpdf.sty
Package: ifpdf 2017/03/15 v3.2 Provides the ifpdf switch
)
Package pdftexcmds Info: LuaTeX not detected.
Package pdftexcmds Info: \pdf@primitive is available.
Package pdftexcmds Info: \pdf@ifprimitive is available.
Package pdftexcmds Info: \pdfdraftmode found.
)
Package epstopdf-base Info: Redefining graphics rule for `.eps' on input line 4
38.
Package grfext Info: Graphics extension search list:
(grfext)             [.pdf,.png,.jpg,.mps,.jpeg,.jbig2,.jb2,.PDF,.PNG,.JPG,.JPE
G,.JBIG2,.JB2,.eps]
(grfext)             \AppendGraphicsExtensions on input line 456.

(d:/texlive/texmf-dist/tex/latex/latexconfig/epstopdf-sys.cfg
File: epstopdf-sys.cfg 2010/07/13 v1.3 Configuration of (r)epstopdf for TeX Liv
e
))
Package caption Info: Begin \AtBeginDocument code.
Package caption Info: subfig package v1.3 is loaded.
Package caption Info: End \AtBeginDocument code.

(d:/texlive/texmf-dist/tex/latex/cjk/texinput/utf8/UTF8.bdg
File: UTF8.bdg 2015/04/18 4.8.4
)
(d:/texlive/texmf-dist/tex/latex/cjk/texinput/utf8/UTF8.enc
File: UTF8.enc 2015/04/18 4.8.4
)
(d:/texlive/texmf-dist/tex/latex/cjk/texinput/utf8/UTF8.chr
File: UTF8.chr 2015/04/18 4.8.4
)
LaTeX Font Info:    Try loading font information for C70+gbsn on input line 32.


(d:/texlive/texmf-dist/tex/latex/cjk/texinput/utf8/c70gbsn.fd
File: c70gbsn.fd 2015/04/18 4.8.4
)
(d:/texlive/texmf-dist/tex/latex/cjk/texinput/utf8/c70gbsn.fdx
File: c70gbsn.fdx 2015/04/18 4.8.4
)
(./LatexÄ£°å - HW.toc
LaTeX Font Info:    External font `cmex10' loaded for size
(Font)              <12> on input line 2.
LaTeX Font Info:    External font `cmex10' loaded for size
(Font)              <8> on input line 2.
LaTeX Font Info:    External font `cmex10' loaded for size
(Font)              <6> on input line 2.
)
\tf@toc=\write3
\openout3 = `"LatexÄ£°å - HW.toc"'.



Package Fancyhdr Warning: \headheight is too small (12.0pt): 
 Make it at least 14.51997pt.
 We now make it that large for the rest of the document.
 This may cause the page layout to be inconsistent, however.

[1{d:/texlive/texmf-var/fonts/map/pdftex/updmap/pdftex.map}

]
LaTeX Font Info:    Try loading font information for OMS+cmr on input line 57.

(d:/texlive/texmf-dist/tex/latex/base/omscmr.fd
File: omscmr.fd 2014/09/29 v2.5h Standard LaTeX font definitions
)
LaTeX Font Info:    Font shape `OMS/cmr/m/n' in size <12> not available
(Font)              Font shape `OMS/cmsy/m/n' tried instead on input line 57.
 [2]
<chap2//fig1.jpg, id=73, 267.399pt x 200.7135pt>
File: chap2//fig1.jpg Graphic file (type jpg)
<use chap2//fig1.jpg>
Package pdftex.def Info: chap2//fig1.jpg  used on input line 82.
(pdftex.def)             Requested size: 312.00119pt x 234.21211pt.
<chap2//figa.jpg, id=74, 629.9535pt x 367.3725pt>
File: chap2//figa.jpg Graphic file (type jpg)
<use chap2//figa.jpg>
Package pdftex.def Info: chap2//figa.jpg  used on input line 88.
(pdftex.def)             Requested size: 312.00119pt x 181.95364pt.
 [3 <./chap2//fig1.jpg>]
<chap2//fig3.jpg, id=78, 431.211pt x 351.11176pt>
File: chap2//fig3.jpg Graphic file (type jpg)
<use chap2//fig3.jpg>
Package pdftex.def Info: chap2//fig3.jpg  used on input line 100.
(pdftex.def)             Requested size: 175.49881pt x 142.9013pt.
<chap2//fig4.jpg, id=79, 189.1065pt x 173.448pt>
File: chap2//fig4.jpg Graphic file (type jpg)
<use chap2//fig4.jpg>
Package pdftex.def Info: chap2//fig4.jpg  used on input line 105.
(pdftex.def)             Requested size: 155.99762pt x 143.08841pt.

[4 <./chap2//figa.jpg> <./chap2//fig3.jpg> <./chap2//fig4.jpg>]
Missing character: There is no ê in font cmr12!
Missing character: There is no ê in font cmr12!

Underfull \hbox (badness 10000) in paragraph at lines 115--120

 []


Overfull \hbox (1.96443pt too wide) in paragraph at lines 125--137
[]\C70/gbsn/m/n/12/89 ã \C70/gbsn/m/n/12/51 ³ \C70/gbsn/m/n/12/65 ¹ \C70/gbsn/m
/n/12/68 H \C70/gbsn/m/n/12/ff ^^Z\OT1/cmr/m/n/12 1)excel\C70/gbsn/m/n/12/62 * 
\C70/gbsn/m/n/12/56 þ \C70/gbsn/m/n/12/ff ^^[\OT1/cmr/m/n/12 2)\C70/gbsn/m/n/12
/81 ê \C70/gbsn/bx/n/12/52 ¨ \C70/gbsn/m/n/12/75 ^^_ \C70/gbsn/m/n/12/62 ^^P \C
70/gbsn/bx/n/12/88 h \C70/gbsn/m/n/12/68 < \C70/gbsn/m/n/12/4e ã \C70/gbsn/m/n/
12/78 ^^A \C70/gbsn/m/n/12/ff ^^H \C70/gbsn/bx/n/12/57 ( \C70/gbsn/m/n/12/7e ¿\
OT1/cmr/m/n/12 or\C70/gbsn/m/n/12/7f ^^V \C70/gbsn/m/n/12/8b Ñ \C70/gbsn/m/n/12
/56 h \C70/gbsn/m/n/12/81 ê \C70/gbsn/bx/n/12/5e & \C70/gbsn/m/n/12/ff 	 \C70/g
bsn/m/n/12/30 ^^B
 []

[5]
<chap5//fig1.jpg, id=93, 504.38437pt x 529.22719pt>
File: chap5//fig1.jpg Graphic file (type jpg)
<use chap5//fig1.jpg>
Package pdftex.def Info: chap5//fig1.jpg  used on input line 160.
(pdftex.def)             Requested size: 312.00119pt x 327.36646pt.
 [6 <./chap5//fig1.jpg>]
<chap5//fig2.jpg, id=98, 480.67078pt x 134.75343pt>
File: chap5//fig2.jpg Graphic file (type jpg)
<use chap5//fig2.jpg>
Package pdftex.def Info: chap5//fig2.jpg  used on input line 182.
(pdftex.def)             Requested size: 350.99762pt x 98.40207pt.
<chap5//fig3.jpg, id=99, 404.63672pt x 137.7647pt>
File: chap5//fig3.jpg Graphic file (type jpg)
<use chap5//fig3.jpg>
Package pdftex.def Info: chap5//fig3.jpg  used on input line 188.
(pdftex.def)             Requested size: 300.30167pt x 102.24486pt.
<chap5//fig4.jpg, id=100, 497.98547pt x 163.3603pt>
File: chap5//fig4.jpg Graphic file (type jpg)
<use chap5//fig4.jpg>
Package pdftex.def Info: chap5//fig4.jpg  used on input line 196.
(pdftex.def)             Requested size: 370.49881pt x 121.54279pt.
 [7 <./chap5//fig2.jpg> <./chap5//fig3.jpg>]
<chap5//fig5.jpg, id=105, 411.78844pt x 273.64734pt>
File: chap5//fig5.jpg Graphic file (type jpg)
<use chap5//fig5.jpg>
Package pdftex.def Info: chap5//fig5.jpg  used on input line 203.
(pdftex.def)             Requested size: 312.00119pt x 207.33528pt.

[8 <./chap5//fig4.jpg> <./chap5//fig5.jpg>]
<chap5//fig6.jpg, id=109, 469.3786pt x 304.88907pt>
File: chap5//fig6.jpg Graphic file (type jpg)
<use chap5//fig6.jpg>
Package pdftex.def Info: chap5//fig6.jpg  used on input line 213.
(pdftex.def)             Requested size: 312.00119pt x 202.6603pt.
 [9 <./chap5//fig6.jpg>] [10]
<chap5//fig7.jpg, id=123, 439.2661pt x 221.70328pt>
File: chap5//fig7.jpg Graphic file (type jpg)
<use chap5//fig7.jpg>
Package pdftex.def Info: chap5//fig7.jpg  used on input line 237.
(pdftex.def)             Requested size: 350.99762pt x 177.1565pt.
<chap5//fig8.jpg, id=124, 1496.59125pt x 509.65407pt>
File: chap5//fig8.jpg Graphic file (type jpg)
<use chap5//fig8.jpg>
Package pdftex.def Info: chap5//fig8.jpg  used on input line 242.
(pdftex.def)             Requested size: 350.99762pt x 119.52763pt.

[11 <./chap5//fig7.jpg> <./chap5//fig8.jpg>] (./LatexÄ£°å - HW.aux) ) 
Here is how much of TeX's memory you used:
 4892 strings out of 492982
 74177 string characters out of 6138551
 134880 words of memory out of 5000000
 8318 multiletter control sequences out of 15000+600000
 42716 words of font info for 153 fonts, out of 8000000 for 9000
 1141 hyphenation exceptions out of 8191
 44i,12n,43p,529b,517s stack positions out of 5000i,500n,10000p,200000b,80000s
<d:/texliv
e/texmf-dist/fonts/type1/public/amsfonts/cm/cmbx12.pfb><d:/texlive/texmf-dist/f
onts/type1/public/amsfonts/cm/cmmi12.pfb><d:/texlive/texmf-dist/fonts/type1/pub
lic/amsfonts/cm/cmr10.pfb><d:/texlive/texmf-dist/fonts/type1/public/amsfonts/cm
/cmr12.pfb><d:/texlive/texmf-dist/fonts/type1/public/amsfonts/cm/cmr8.pfb><d:/t
exlive/texmf-dist/fonts/type1/public/amsfonts/cm/cmsy10.pfb><d:/texlive/texmf-d
ist/fonts/type1/arphic/gbsnu/gbsnu00.pfb><d:/texlive/texmf-dist/fonts/type1/arp
hic/gbsnu/gbsnu20.pfb><d:/texlive/texmf-dist/fonts/type1/arphic/gbsnu/gbsnu30.p
fb><d:/texlive/texmf-dist/fonts/type1/arphic/gbsnu/gbsnu4e.pfb><d:/texlive/texm
f-dist/fonts/type1/arphic/gbsnu/gbsnu4f.pfb><d:/texlive/texmf-dist/fonts/type1/
arphic/gbsnu/gbsnu50.pfb><d:/texlive/texmf-dist/fonts/type1/arphic/gbsnu/gbsnu5
1.pfb><d:/texlive/texmf-dist/fonts/type1/arphic/gbsnu/gbsnu52.pfb><d:/texlive/t
exmf-dist/fonts/type1/arphic/gbsnu/gbsnu53.pfb><d:/texlive/texmf-dist/fonts/typ
e1/arphic/gbsnu/gbsnu54.pfb><d:/texlive/texmf-dist/fonts/type1/arphic/gbsnu/gbs
nu56.pfb><d:/texlive/texmf-dist/fonts/type1/arphic/gbsnu/gbsnu57.pfb><d:/texliv
e/texmf-dist/fonts/type1/arphic/gbsnu/gbsnu58.pfb><d:/texlive/texmf-dist/fonts/
type1/arphic/gbsnu/gbsnu59.pfb><d:/texlive/texmf-dist/fonts/type1/arphic/gbsnu/
gbsnu5b.pfb><d:/texlive/texmf-dist/fonts/type1/arphic/gbsnu/gbsnu5c.pfb><d:/tex
live/texmf-dist/fonts/type1/arphic/gbsnu/gbsnu5d.pfb><d:/texlive/texmf-dist/fon
ts/type1/arphic/gbsnu/gbsnu5e.pfb><d:/texlive/texmf-dist/fonts/type1/arphic/gbs
nu/gbsnu5f.pfb><d:/texlive/texmf-dist/fonts/type1/arphic/gbsnu/gbsnu60.pfb><d:/
texlive/texmf-dist/fonts/type1/arphic/gbsnu/gbsnu61.pfb><d:/texlive/texmf-dist/
fonts/type1/arphic/gbsnu/gbsnu62.pfb><d:/texlive/texmf-dist/fonts/type1/arphic/
gbsnu/gbsnu63.pfb><d:/texlive/texmf-dist/fonts/type1/arphic/gbsnu/gbsnu64.pfb><
d:/texlive/texmf-dist/fonts/type1/arphic/gbsnu/gbsnu65.pfb><d:/texlive/texmf-di
st/fonts/type1/arphic/gbsnu/gbsnu66.pfb><d:/texlive/texmf-dist/fonts/type1/arph
ic/gbsnu/gbsnu67.pfb><d:/texlive/texmf-dist/fonts/type1/arphic/gbsnu/gbsnu68.pf
b><d:/texlive/texmf-dist/fonts/type1/arphic/gbsnu/gbsnu69.pfb><d:/texlive/texmf
-dist/fonts/type1/arphic/gbsnu/gbsnu6a.pfb><d:/texlive/texmf-dist/fonts/type1/a
rphic/gbsnu/gbsnu6b.pfb><d:/texlive/texmf-dist/fonts/type1/arphic/gbsnu/gbsnu6c
.pfb><d:/texlive/texmf-dist/fonts/type1/arphic/gbsnu/gbsnu6d.pfb><d:/texlive/te
xmf-dist/fonts/type1/arphic/gbsnu/gbsnu6e.pfb><d:/texlive/texmf-dist/fonts/type
1/arphic/gbsnu/gbsnu6f.pfb><d:/texlive/texmf-dist/fonts/type1/arphic/gbsnu/gbsn
u70.pfb><d:/texlive/texmf-dist/fonts/type1/arphic/gbsnu/gbsnu71.pfb><d:/texlive
/texmf-dist/fonts/type1/arphic/gbsnu/gbsnu72.pfb><d:/texlive/texmf-dist/fonts/t
ype1/arphic/gbsnu/gbsnu73.pfb><d:/texlive/texmf-dist/fonts/type1/arphic/gbsnu/g
bsnu74.pfb><d:/texlive/texmf-dist/fonts/type1/arphic/gbsnu/gbsnu75.pfb><d:/texl
ive/texmf-dist/fonts/type1/arphic/gbsnu/gbsnu76.pfb><d:/texlive/texmf-dist/font
s/type1/arphic/gbsnu/gbsnu77.pfb><d:/texlive/texmf-dist/fonts/type1/arphic/gbsn
u/gbsnu78.pfb><d:/texlive/texmf-dist/fonts/type1/arphic/gbsnu/gbsnu79.pfb><d:/t
exlive/texmf-dist/fonts/type1/arphic/gbsnu/gbsnu7a.pfb><d:/texlive/texmf-dist/f
onts/type1/arphic/gbsnu/gbsnu7b.pfb><d:/texlive/texmf-dist/fonts/type1/arphic/g
bsnu/gbsnu7c.pfb><d:/texlive/texmf-dist/fonts/type1/arphic/gbsnu/gbsnu7d.pfb><d
:/texlive/texmf-dist/fonts/type1/arphic/gbsnu/gbsnu7e.pfb><d:/texlive/texmf-dis
t/fonts/type1/arphic/gbsnu/gbsnu7f.pfb><d:/texlive/texmf-dist/fonts/type1/arphi
c/gbsnu/gbsnu80.pfb><d:/texlive/texmf-dist/fonts/type1/arphic/gbsnu/gbsnu81.pfb
><d:/texlive/texmf-dist/fonts/type1/arphic/gbsnu/gbsnu82.pfb><d:/texlive/texmf-
dist/fonts/type1/arphic/gbsnu/gbsnu83.pfb><d:/texlive/texmf-dist/fonts/type1/ar
phic/gbsnu/gbsnu86.pfb><d:/texlive/texmf-dist/fonts/type1/arphic/gbsnu/gbsnu88.
pfb><d:/texlive/texmf-dist/fonts/type1/arphic/gbsnu/gbsnu89.pfb><d:/texlive/tex
mf-dist/fonts/type1/arphic/gbsnu/gbsnu8a.pfb><d:/texlive/texmf-dist/fonts/type1
/arphic/gbsnu/gbsnu8b.pfb><d:/texlive/texmf-dist/fonts/type1/arphic/gbsnu/gbsnu
8c.pfb><d:/texlive/texmf-dist/fonts/type1/arphic/gbsnu/gbsnu8d.pfb><d:/texlive/
texmf-dist/fonts/type1/arphic/gbsnu/gbsnu8f.pfb><d:/texlive/texmf-dist/fonts/ty
pe1/arphic/gbsnu/gbsnu90.pfb><d:/texlive/texmf-dist/fonts/type1/arphic/gbsnu/gb
snu91.pfb><d:/texlive/texmf-dist/fonts/type1/arphic/gbsnu/gbsnu94.pfb><d:/texli
ve/texmf-dist/fonts/type1/arphic/gbsnu/gbsnu95.pfb><d:/texlive/texmf-dist/fonts
/type1/arphic/gbsnu/gbsnu96.pfb><d:/texlive/texmf-dist/fonts/type1/arphic/gbsnu
/gbsnu97.pfb><d:/texlive/texmf-dist/fonts/type1/arphic/gbsnu/gbsnu98.pfb><d:/te
xlive/texmf-dist/fonts/type1/arphic/gbsnu/gbsnu99.pfb><d:/texlive/texmf-dist/fo
nts/type1/arphic/gbsnu/gbsnu9a.pfb><d:/texlive/texmf-dist/fonts/type1/arphic/gb
snu/gbsnu9f.pfb><d:/texlive/texmf-dist/fonts/type1/arphic/gbsnu/gbsnuff.pfb>
Output written on "LatexÄ£°å - HW.pdf" (11 pages, 1567230 bytes).
PDF statistics:
 374 PDF objects out of 1000 (max. 8388607)
 266 compressed objects within 3 object streams
 0 named destinations out of 1000 (max. 500000)
 61 words of extra memory for PDF output out of 10000 (max. 10000000)

